{"C:\\Users\\krist\\OneDrive\\Dokumente\\Schule\\4CHIF_Dietmar\\intro1_testen\\bl\\pokemonBL.js": {"path":"C:\\Users\\krist\\OneDrive\\Dokumente\\Schule\\4CHIF_Dietmar\\intro1_testen\\bl\\pokemonBL.js","statementMap":{"0":{"start":{"line":2,"column":0},"end":{"line":2,"column":62}},"1":{"start":{"line":3,"column":0},"end":{"line":3,"column":81}},"2":{"start":{"line":4,"column":17},"end":{"line":19,"column":1}},"3":{"start":{"line":20,"column":16},"end":{"line":22,"column":1}},"4":{"start":{"line":21,"column":4},"end":{"line":21,"column":20}},"5":{"start":{"line":23,"column":0},"end":{"line":23,"column":26}},"6":{"start":{"line":24,"column":28},"end":{"line":26,"column":1}},"7":{"start":{"line":25,"column":4},"end":{"line":25,"column":65}},"8":{"start":{"line":25,"column":35},"end":{"line":25,"column":63}},"9":{"start":{"line":27,"column":0},"end":{"line":27,"column":50}},"10":{"start":{"line":28,"column":24},"end":{"line":31,"column":1}},"11":{"start":{"line":29,"column":18},"end":{"line":29,"column":56}},"12":{"start":{"line":29,"column":37},"end":{"line":29,"column":55}},"13":{"start":{"line":30,"column":4},"end":{"line":30,"column":61}},"14":{"start":{"line":32,"column":0},"end":{"line":32,"column":42}}},"fnMap":{"0":{"name":"(anonymous_0)","decl":{"start":{"line":20,"column":16},"end":{"line":20,"column":17}},"loc":{"start":{"line":20,"column":22},"end":{"line":22,"column":1}},"line":20},"1":{"name":"(anonymous_1)","decl":{"start":{"line":24,"column":28},"end":{"line":24,"column":29}},"loc":{"start":{"line":24,"column":34},"end":{"line":26,"column":1}},"line":24},"2":{"name":"(anonymous_2)","decl":{"start":{"line":25,"column":25},"end":{"line":25,"column":26}},"loc":{"start":{"line":25,"column":35},"end":{"line":25,"column":63}},"line":25},"3":{"name":"(anonymous_3)","decl":{"start":{"line":28,"column":24},"end":{"line":28,"column":25}},"loc":{"start":{"line":28,"column":32},"end":{"line":31,"column":1}},"line":28},"4":{"name":"(anonymous_4)","decl":{"start":{"line":29,"column":32},"end":{"line":29,"column":33}},"loc":{"start":{"line":29,"column":37},"end":{"line":29,"column":55}},"line":29}},"branchMap":{"0":{"loc":{"start":{"line":30,"column":11},"end":{"line":30,"column":60}},"type":"cond-expr","locations":[{"start":{"line":30,"column":48},"end":{"line":30,"column":53}},{"start":{"line":30,"column":56},"end":{"line":30,"column":60}}],"line":30},"1":{"loc":{"start":{"line":30,"column":11},"end":{"line":30,"column":45}},"type":"binary-expr","locations":[{"start":{"line":30,"column":11},"end":{"line":30,"column":25}},{"start":{"line":30,"column":29},"end":{"line":30,"column":45}}],"line":30}},"s":{"0":1,"1":1,"2":1,"3":1,"4":0,"5":1,"6":1,"7":1,"8":5,"9":1,"10":1,"11":1,"12":4,"13":1,"14":1},"f":{"0":0,"1":1,"2":5,"3":1,"4":4},"b":{"0":[1,0],"1":[1,1]},"inputSourceMap":null,"_coverageSchema":"1a1c01bbd47fc00a2c39e90264f33305004495a9","hash":"bac67b75ab85ebb967551f6f8561bff4d3cfeb0a"}
}
